[0m[[0mdebug[0m] [0mRunning TaskDef(basics.PublicScalaBasicsSuite, org.scalatest.tools.Framework$$anon$1@5f003f17, false, [SuiteSelector])[0m
[0m[[0minfo[0m] [0m[36mRun completed in 3 seconds, 360 milliseconds.[0m[0m
[0m[[0minfo[0m] [0m[36mTotal number of tests run: 9[0m[0m
[0m[[0minfo[0m] [0m[36mSuites: completed 1, aborted 0[0m[0m
[0m[[0minfo[0m] [0m[36mTests: succeeded 3, failed 6, canceled 0, ignored 0, pending 0[0m[0m
[0m[[0minfo[0m] [0m[31m*** 6 TESTS FAILED ***[0m[0m
[0m[[31merror[0m] [0mFailed tests:[0m
[0m[[31merror[0m] [0m	basics.PublicScalaBasicsSuite[0m
[0m[[31merror[0m] [0m(test:[31mtest[0m) sbt.TestsFailedException: Tests unsuccessful[0m
